<?xml version="1.0" encoding="UTF-8"?>
<testng-results skipped="0" failed="0" total="3" passed="3">
  <reporter-output>
  </reporter-output>
  <suite name="ePracticeV1" duration-ms="31331" started-at="2021-09-20T05:24:55Z" finished-at="2021-09-20T05:25:26Z">
    <groups>
    </groups>
    <test name="ePracticeV1 Test" duration-ms="31331" started-at="2021-09-20T05:24:55Z" finished-at="2021-09-20T05:25:26Z">
      <class name="practicePrograms.LoginTestonWindowsUsingChrome">
        <test-method status="PASS" signature="setUp()[pri:1, instance:practicePrograms.LoginTestonWindowsUsingChrome@5ebec15]" name="setUp" duration-ms="15708" started-at="2021-09-20T10:54:55Z" finished-at="2021-09-20T10:55:10Z">
          <reporter-output>
          </reporter-output>
        </test-method> <!-- setUp -->
        <test-method status="PASS" signature="login()[pri:2, instance:practicePrograms.LoginTestonWindowsUsingChrome@5ebec15]" name="login" duration-ms="14148" started-at="2021-09-20T10:55:10Z" finished-at="2021-09-20T10:55:24Z">
          <reporter-output>
          </reporter-output>
        </test-method> <!-- login -->
        <test-method status="PASS" signature="tearDown()[pri:3, instance:practicePrograms.LoginTestonWindowsUsingChrome@5ebec15]" name="tearDown" duration-ms="1459" started-at="2021-09-20T10:55:24Z" finished-at="2021-09-20T10:55:26Z">
          <reporter-output>
          </reporter-output>
        </test-method> <!-- tearDown -->
      </class> <!-- practicePrograms.LoginTestonWindowsUsingChrome -->
    </test> <!-- ePracticeV1 Test -->
  </suite> <!-- ePracticeV1 -->
</testng-results>
