<?xml version="1.0" encoding="UTF-8"?>
<!-- Generated by org.testng.reporters.JUnitXMLReporter -->
<testsuite hostname="Srinivas" name="ePracticeV1 Test" tests="3" failures="0" timestamp="20 Sep 2021 05:25:26 GMT" time="31.331" errors="0">
  <testcase name="setUp" time="15.708" classname="practicePrograms.LoginTestonWindowsUsingChrome"/>
  <testcase name="login" time="14.148" classname="practicePrograms.LoginTestonWindowsUsingChrome"/>
  <testcase name="tearDown" time="1.459" classname="practicePrograms.LoginTestonWindowsUsingChrome"/>
</testsuite> <!-- ePracticeV1 Test -->
